[2025-10-11T18:06:34.512Z] {"site":"https://benchmarkdentistry.com","pages":10,"capsules":12,"errors":0,"start":"2025-10-11T18:06:22.568Z","end":"2025-10-11T18:06:34.512Z"}
[2025-10-11T18:06:34.555Z] {"site":"https://lebeaucpa.com","pages":10,"capsules":10,"errors":0,"start":"2025-10-11T18:06:22.563Z","end":"2025-10-11T18:06:34.555Z"}
[2025-10-11T22:04:59.885Z] {"site":"https://arizonasurveyland.com","pages":6,"capsules":6,"errors":0,"start":"2025-10-11T22:04:53.590Z","end":"2025-10-11T22:04:59.884Z"}
[2025-10-11T22:05:00.572Z] {"site":"https://insigniapromos.com","pages":6,"capsules":6,"errors":0,"start":"2025-10-11T22:04:53.591Z","end":"2025-10-11T22:05:00.572Z"}
[2025-10-11T22:05:03.712Z] {"site":"https://amosinventoryservice.com","pages":10,"capsules":10,"errors":0,"start":"2025-10-11T22:04:53.591Z","end":"2025-10-11T22:05:03.712Z"}
[2025-10-11T22:05:04.701Z] {"site":"https://dentalcenterofidaho.com","pages":10,"capsules":10,"errors":0,"start":"2025-10-11T22:04:53.592Z","end":"2025-10-11T22:05:04.701Z"}
[2025-10-11T22:05:04.716Z] {"site":"https://jojeffriesauthor.com","pages":9,"capsules":9,"errors":1,"start":"2025-10-11T22:04:53.591Z","end":"2025-10-11T22:05:04.716Z"}
[2025-10-11T22:05:05.775Z] {"site":"https://brazoriacollisionautorv.com","pages":1,"capsules":1,"errors":0,"start":"2025-10-11T22:05:03.813Z","end":"2025-10-11T22:05:05.775Z"}
[2025-10-11T22:05:07.187Z] {"site":"https://rustondaylightdonuts.com","pages":1,"capsules":1,"errors":0,"start":"2025-10-11T22:05:05.890Z","end":"2025-10-11T22:05:07.187Z"}
[2025-10-11T22:05:19.295Z] {"site":"https://dominationfitnesshomedale.com","pages":10,"capsules":10,"errors":0,"start":"2025-10-11T22:05:07.307Z","end":"2025-10-11T22:05:19.295Z"}
[2025-10-11T22:05:19.417Z] {"site":"https://storagecedarcity.com","pages":10,"capsules":10,"errors":0,"start":"2025-10-11T22:05:04.830Z","end":"2025-10-11T22:05:19.417Z"}
[2025-10-11T22:05:23.818Z] {"site":"https://enriquesrestaurant.net","pages":0,"capsules":0,"errors":1,"start":"2025-10-11T22:04:53.591Z","end":"2025-10-11T22:05:23.818Z"}
[2025-10-11T22:05:30.059Z] {"site":"https://drbenettamiller.org","pages":0,"capsules":0,"errors":1,"start":"2025-10-11T22:04:59.997Z","end":"2025-10-11T22:05:30.059Z"}
[2025-10-11T22:05:30.742Z] {"site":"https://hughesautoglass.net","pages":0,"capsules":0,"errors":1,"start":"2025-10-11T22:05:00.688Z","end":"2025-10-11T22:05:30.742Z"}
[2025-10-11T22:05:34.895Z] {"site":"https://addicaretx.com","pages":0,"capsules":0,"errors":1,"start":"2025-10-11T22:05:04.829Z","end":"2025-10-11T22:05:34.895Z"}
[2025-10-11T22:05:37.366Z] {"site":"https://acmepress.org","pages":7,"capsules":7,"errors":0,"start":"2025-10-11T22:05:30.191Z","end":"2025-10-11T22:05:37.366Z"}
[2025-10-11T22:05:41.112Z] {"site":"https://brownsautorepairtx.com","pages":6,"capsules":6,"errors":0,"start":"2025-10-11T22:05:35.014Z","end":"2025-10-11T22:05:41.112Z"}
[2025-10-11T22:05:42.950Z] {"site":"https://bandbtruckservice.net","pages":5,"capsules":5,"errors":0,"start":"2025-10-11T22:05:37.483Z","end":"2025-10-11T22:05:42.950Z"}
[2025-10-11T22:05:49.483Z] {"site":"https://goldedgesupply.net","pages":0,"capsules":0,"errors":1,"start":"2025-10-11T22:05:19.421Z","end":"2025-10-11T22:05:49.483Z"}
[2025-10-11T22:05:49.589Z] {"site":"https://guaran-t-clean.com","pages":0,"capsules":0,"errors":1,"start":"2025-10-11T22:05:19.540Z","end":"2025-10-11T22:05:49.589Z"}
[2025-10-11T22:05:49.816Z] {"site":"https://agent-net.ai","pages":0,"capsules":0,"errors":1,"start":"2025-10-11T22:05:49.620Z","end":"2025-10-11T22:05:49.816Z"}
[2025-10-11T22:05:54.006Z] {"site":"https://mcleanpianojourney.com","pages":0,"capsules":0,"errors":1,"start":"2025-10-11T22:05:23.954Z","end":"2025-10-11T22:05:54.006Z"}
[2025-10-11T22:05:55.464Z] {"site":"https://creditviewinc.com","pages":5,"capsules":5,"errors":0,"start":"2025-10-11T22:05:49.928Z","end":"2025-10-11T22:05:55.464Z"}
[2025-10-11T22:05:55.866Z] {"site":"https://stararrepair.com","pages":6,"capsules":6,"errors":0,"start":"2025-10-11T22:05:49.694Z","end":"2025-10-11T22:05:55.866Z"}
[2025-10-11T22:05:59.982Z] {"site":"https://westchesterelectricalservices.com","pages":6,"capsules":6,"errors":0,"start":"2025-10-11T22:05:54.124Z","end":"2025-10-11T22:05:59.982Z"}
[2025-10-11T22:06:00.915Z] {"site":"https://ajsbackflowtesting.info","pages":0,"capsules":0,"errors":1,"start":"2025-10-11T22:05:30.868Z","end":"2025-10-11T22:06:00.915Z"}
[2025-10-11T22:06:05.277Z] {"site":"https://southeasternsurveyorsal.com","pages":5,"capsules":5,"errors":0,"start":"2025-10-11T22:06:00.086Z","end":"2025-10-11T22:06:05.277Z"}
[2025-10-11T22:06:06.299Z] {"site":"https://mccleaningsvcs.com","pages":5,"capsules":5,"errors":0,"start":"2025-10-11T22:06:01.024Z","end":"2025-10-11T22:06:06.299Z"}
[2025-10-11T22:06:06.785Z] {"site":"https://sunburstautomotive.net","pages":0,"capsules":0,"errors":1,"start":"2025-10-11T22:06:06.401Z","end":"2025-10-11T22:06:06.785Z"}
[2025-10-11T22:06:06.843Z] {"site":"https://pallanteplumbing.com","pages":1,"capsules":1,"errors":1,"start":"2025-10-11T22:06:05.387Z","end":"2025-10-11T22:06:06.843Z"}
[2025-10-11T22:06:07.408Z] {"site":"https://tritownplumbing.com","pages":10,"capsules":10,"errors":0,"start":"2025-10-11T22:05:55.572Z","end":"2025-10-11T22:06:07.408Z"}
[2025-10-11T22:06:11.043Z] {"site":"https://talbotelectricny.com","pages":4,"capsules":4,"errors":0,"start":"2025-10-11T22:06:06.890Z","end":"2025-10-11T22:06:11.043Z"}
[2025-10-11T22:06:11.269Z] {"site":"https://libertymc.com","pages":0,"capsules":0,"errors":1,"start":"2025-10-11T22:05:41.220Z","end":"2025-10-11T22:06:11.269Z"}
[2025-10-11T22:06:13.146Z] {"site":"https://usslidefastener.net","pages":0,"capsules":0,"errors":1,"start":"2025-10-11T22:05:43.082Z","end":"2025-10-11T22:06:13.146Z"}
[2025-10-11T22:06:16.352Z] {"site":"https://steinbergplumbing.net","pages":5,"capsules":5,"errors":0,"start":"2025-10-11T22:06:11.377Z","end":"2025-10-11T22:06:16.352Z"}
[2025-10-11T22:06:17.062Z] {"site":"https://enriquesmexicanrestaurant.com","pages":10,"capsules":10,"errors":0,"start":"2025-10-11T22:06:06.949Z","end":"2025-10-11T22:06:17.062Z"}
[2025-10-11T22:06:18.343Z] {"site":"https://allkindsofblindsllc.net","pages":7,"capsules":7,"errors":0,"start":"2025-10-11T22:06:11.148Z","end":"2025-10-11T22:06:18.343Z"}
[2025-10-11T22:06:22.838Z] {"site":"https://plasticsystemsinc.us","pages":6,"capsules":6,"errors":0,"start":"2025-10-11T22:06:16.457Z","end":"2025-10-11T22:06:22.838Z"}
[2025-10-11T22:06:23.375Z] {"site":"https://perfectdermaskincare.com","pages":5,"capsules":5,"errors":0,"start":"2025-10-11T22:06:18.451Z","end":"2025-10-11T22:06:23.375Z"}
[2025-10-11T22:06:26.028Z] {"site":"https://birchwoodrestaurant.net","pages":0,"capsules":0,"errors":1,"start":"2025-10-11T22:05:55.981Z","end":"2025-10-11T22:06:26.028Z"}
[2025-10-11T22:06:28.902Z] {"site":"https://poolsplus.biz","pages":9,"capsules":9,"errors":0,"start":"2025-10-11T22:06:17.178Z","end":"2025-10-11T22:06:28.902Z"}
[2025-10-11T22:06:29.063Z] {"site":"https://earhartautomotive.net","pages":6,"capsules":6,"errors":0,"start":"2025-10-11T22:06:22.947Z","end":"2025-10-11T22:06:29.063Z"}
[2025-10-11T22:06:33.532Z] {"site":"https://highdesertstrategies.com","pages":10,"capsules":10,"errors":0,"start":"2025-10-11T22:06:23.485Z","end":"2025-10-11T22:06:33.532Z"}
[2025-10-11T22:06:35.261Z] {"site":"https://bakerremodeling.net","pages":6,"capsules":6,"errors":0,"start":"2025-10-11T22:06:29.019Z","end":"2025-10-11T22:06:35.261Z"}
[2025-10-11T22:06:36.259Z] {"site":"https://wellspringdpd.com","pages":10,"capsules":10,"errors":0,"start":"2025-10-11T22:06:26.142Z","end":"2025-10-11T22:06:36.258Z"}
[2025-10-11T22:06:37.565Z] {"site":"https://hercvocationaltraining.com","pages":0,"capsules":0,"errors":1,"start":"2025-10-11T22:06:07.513Z","end":"2025-10-11T22:06:37.565Z"}
[2025-10-11T22:06:41.394Z] {"site":"https://bobtransmn.com","pages":6,"capsules":6,"errors":0,"start":"2025-10-11T22:06:35.366Z","end":"2025-10-11T22:06:41.394Z"}
[2025-10-11T22:06:43.197Z] {"site":"https://usslidefastener.com","pages":5,"capsules":5,"errors":0,"start":"2025-10-11T22:06:37.690Z","end":"2025-10-11T22:06:43.197Z"}
[2025-10-11T22:06:43.315Z] {"site":"https://lblservices.net","pages":0,"capsules":0,"errors":1,"start":"2025-10-11T22:06:13.266Z","end":"2025-10-11T22:06:43.315Z"}
[2025-10-11T22:06:54.710Z] {"site":"https://idahoforge.com","pages":10,"capsules":10,"errors":0,"start":"2025-10-11T22:06:43.416Z","end":"2025-10-11T22:06:54.710Z"}
[2025-10-11T22:06:59.208Z] {"site":"https://kingsfordpackaging.net","pages":0,"capsules":0,"errors":1,"start":"2025-10-11T22:06:29.154Z","end":"2025-10-11T22:06:59.208Z"}
[2025-10-11T22:07:03.706Z] {"site":"https://ajsbackflowtesting.net","pages":0,"capsules":0,"errors":1,"start":"2025-10-11T22:06:33.656Z","end":"2025-10-11T22:07:03.706Z"}
[2025-10-11T22:07:05.173Z] {"site":"https://rouse.energy","pages":0,"capsules":0,"errors":1,"start":"2025-10-11T22:07:03.817Z","end":"2025-10-11T22:07:05.173Z"}
[2025-10-11T22:07:06.422Z] {"site":"https://libertymontessori.com","pages":0,"capsules":0,"errors":1,"start":"2025-10-11T22:06:36.372Z","end":"2025-10-11T22:07:06.422Z"}
[2025-10-11T22:07:09.508Z] {"site":"https://carolinacwt.com","pages":10,"capsules":10,"errors":0,"start":"2025-10-11T22:06:59.329Z","end":"2025-10-11T22:07:09.508Z"}
[2025-10-11T22:07:11.553Z] {"site":"https://reconwheelandbumper.net","pages":0,"capsules":0,"errors":1,"start":"2025-10-11T22:06:41.504Z","end":"2025-10-11T22:07:11.553Z"}
[2025-10-11T22:07:13.370Z] {"site":"https://reconpaintsupplies.net","pages":0,"capsules":0,"errors":1,"start":"2025-10-11T22:06:43.316Z","end":"2025-10-11T22:07:13.370Z"}
[2025-10-11T22:07:15.398Z] {"site":"https://nurturedheartkids.net","pages":10,"capsules":10,"errors":0,"start":"2025-10-11T22:07:05.300Z","end":"2025-10-11T22:07:15.398Z"}
[2025-10-11T22:07:15.718Z] {"site":"https://abrokenwindshield.com","pages":7,"capsules":7,"errors":0,"start":"2025-10-11T22:07:06.542Z","end":"2025-10-11T22:07:15.718Z"}
[2025-10-11T22:07:16.525Z] {"site":"https://snowbuddieselaborateentry.com","pages":2,"capsules":2,"errors":0,"start":"2025-10-11T22:07:13.488Z","end":"2025-10-11T22:07:16.525Z"}
[2025-10-11T22:07:16.784Z] {"site":"https://eurasianautoco.com","pages":5,"capsules":5,"errors":0,"start":"2025-10-11T22:07:11.660Z","end":"2025-10-11T22:07:16.784Z"}
[2025-10-11T22:07:17.017Z] {"site":"https://proactdata.info","pages":0,"capsules":0,"errors":1,"start":"2025-10-11T22:07:16.891Z","end":"2025-10-11T22:07:17.017Z"}
[2025-10-11T22:07:17.883Z] {"site":"https://spoolrack.com","pages":1,"capsules":1,"errors":0,"start":"2025-10-11T22:07:16.626Z","end":"2025-10-11T22:07:17.883Z"}
[2025-10-11T22:07:23.375Z] {"site":"https://foreignaidautorepair.net","pages":6,"capsules":6,"errors":0,"start":"2025-10-11T22:07:17.127Z","end":"2025-10-11T22:07:23.375Z"}
[2025-10-11T22:07:24.345Z] {"site":"https://jmproductsct.net","pages":6,"capsules":6,"errors":0,"start":"2025-10-11T22:07:17.993Z","end":"2025-10-11T22:07:24.345Z"}
[2025-10-11T22:07:24.869Z] {"site":"https://paceswindshieldrepair.us","pages":0,"capsules":0,"errors":1,"start":"2025-10-11T22:06:54.821Z","end":"2025-10-11T22:07:24.869Z"}
[2025-10-11T22:07:33.781Z] {"site":"https://carwillrealty.com","pages":10,"capsules":10,"errors":0,"start":"2025-10-11T22:07:23.479Z","end":"2025-10-11T22:07:33.781Z"}
[2025-10-11T22:07:35.017Z] {"site":"https://capriboise.com","pages":10,"capsules":10,"errors":0,"start":"2025-10-11T22:07:24.458Z","end":"2025-10-11T22:07:35.017Z"}
[2025-10-11T22:07:39.699Z] {"site":"https://addicaretx.net","pages":0,"capsules":0,"errors":1,"start":"2025-10-11T22:07:09.637Z","end":"2025-10-11T22:07:39.699Z"}
[2025-10-11T22:07:45.562Z] {"site":"https://alangrisanielectric.com","pages":0,"capsules":0,"errors":1,"start":"2025-10-11T22:07:15.510Z","end":"2025-10-11T22:07:45.562Z"}
[2025-10-11T22:07:45.874Z] {"site":"https://alangrisanielectric.net","pages":0,"capsules":0,"errors":1,"start":"2025-10-11T22:07:15.824Z","end":"2025-10-11T22:07:45.874Z"}
[2025-10-11T22:07:46.141Z] {"site":"https://rlamachine.net","pages":10,"capsules":10,"errors":0,"start":"2025-10-11T22:07:33.894Z","end":"2025-10-11T22:07:46.141Z"}
[2025-10-11T22:07:46.164Z] {"site":"https://alongtheriverrv.com","pages":10,"capsules":10,"errors":0,"start":"2025-10-11T22:07:35.140Z","end":"2025-10-11T22:07:46.164Z"}
[2025-10-11T22:07:52.556Z] {"site":"https://eastmeetswestsuperbchinesefood.com","pages":6,"capsules":6,"errors":1,"start":"2025-10-11T22:07:46.276Z","end":"2025-10-11T22:07:52.556Z"}
[2025-10-11T22:07:55.018Z] {"site":"https://azbbqcatering.net","pages":0,"capsules":0,"errors":1,"start":"2025-10-11T22:07:24.960Z","end":"2025-10-11T22:07:55.018Z"}
[2025-10-11T22:07:56.136Z] {"site":"https://plasma-pod.com","pages":0,"capsules":0,"errors":1,"start":"2025-10-11T22:07:55.140Z","end":"2025-10-11T22:07:56.136Z"}
[2025-10-11T22:07:56.445Z] {"site":"https://wasphalt.com","pages":10,"capsules":10,"errors":0,"start":"2025-10-11T22:07:45.992Z","end":"2025-10-11T22:07:56.445Z"}
[2025-10-11T22:07:57.333Z] {"site":"https://precisionmetalfinishing.net","pages":4,"capsules":4,"errors":0,"start":"2025-10-11T22:07:52.666Z","end":"2025-10-11T22:07:57.333Z"}
[2025-10-11T22:08:01.661Z] {"site":"https://goldedgesupplyinc.com","pages":5,"capsules":5,"errors":0,"start":"2025-10-11T22:07:56.257Z","end":"2025-10-11T22:08:01.661Z"}
[2025-10-11T22:08:03.470Z] {"site":"https://perfecthaircutfl.com","pages":6,"capsules":6,"errors":0,"start":"2025-10-11T22:07:57.440Z","end":"2025-10-11T22:08:03.470Z"}
[2025-10-11T22:08:09.844Z] {"site":"https://rlamachine.info","pages":0,"capsules":0,"errors":1,"start":"2025-10-11T22:07:39.794Z","end":"2025-10-11T22:08:09.844Z"}
[2025-10-11T22:08:15.744Z] {"site":"https://rlamachine.biz","pages":0,"capsules":0,"errors":1,"start":"2025-10-11T22:07:45.695Z","end":"2025-10-11T22:08:15.744Z"}
[2025-10-11T22:08:16.225Z] {"site":"https://zeroedindentalsolutions.com","pages":10,"capsules":16,"errors":0,"start":"2025-10-11T22:08:03.581Z","end":"2025-10-11T22:08:16.225Z"}
[2025-10-11T22:08:16.342Z] {"site":"https://atautoglass.com","pages":0,"capsules":0,"errors":1,"start":"2025-10-11T22:07:46.276Z","end":"2025-10-11T22:08:16.342Z"}
[2025-10-11T22:08:17.396Z] {"site":"https://themcleanpianojourney.com","pages":0,"capsules":0,"errors":1,"start":"2025-10-11T22:08:16.335Z","end":"2025-10-11T22:08:17.396Z"}
[2025-10-11T22:08:18.920Z] {"site":"https://mcleanpianostudio.com","pages":8,"capsules":8,"errors":0,"start":"2025-10-11T22:08:09.952Z","end":"2025-10-11T22:08:18.920Z"}
[2025-10-11T22:08:22.471Z] {"site":"https://covefortservice.com","pages":6,"capsules":6,"errors":0,"start":"2025-10-11T22:08:16.444Z","end":"2025-10-11T22:08:22.471Z"}
[2025-10-11T22:08:26.607Z] {"site":"https://ctasurveying.biz","pages":0,"capsules":0,"errors":1,"start":"2025-10-11T22:07:56.556Z","end":"2025-10-11T22:08:26.607Z"}
[2025-10-11T22:08:28.751Z] {"site":"https://drshinesmobile.com","pages":6,"capsules":6,"errors":0,"start":"2025-10-11T22:08:22.572Z","end":"2025-10-11T22:08:28.751Z"}
[2025-10-11T22:08:31.819Z] {"site":"https://eastmeetswestcatering.net","pages":0,"capsules":0,"errors":1,"start":"2025-10-11T22:08:01.769Z","end":"2025-10-11T22:08:31.819Z"}
[2025-10-11T22:08:39.309Z] {"site":"https://tacomahydraulics.com","pages":10,"capsules":10,"errors":0,"start":"2025-10-11T22:08:28.860Z","end":"2025-10-11T22:08:39.309Z"}
[2025-10-11T22:08:45.924Z] {"site":"https://thebridalchateaupa.net","pages":0,"capsules":0,"errors":1,"start":"2025-10-11T22:08:15.865Z","end":"2025-10-11T22:08:45.924Z"}
[2025-10-11T22:08:47.556Z] {"site":"https://tmacsairgunservice.org","pages":0,"capsules":0,"errors":1,"start":"2025-10-11T22:08:17.505Z","end":"2025-10-11T22:08:47.556Z"}
[2025-10-11T22:08:49.084Z] {"site":"https://tmacsairgunservice.biz","pages":0,"capsules":0,"errors":1,"start":"2025-10-11T22:08:19.030Z","end":"2025-10-11T22:08:49.084Z"}
[2025-10-11T22:08:50.552Z] {"site":"https://astrategicplannj.com","pages":0,"capsules":0,"errors":1,"start":"2025-10-11T22:08:49.222Z","end":"2025-10-11T22:08:50.552Z"}
[2025-10-11T22:08:50.961Z] {"site":"https://valleycarpetcare.co","pages":0,"capsules":0,"errors":1,"start":"2025-10-11T22:08:50.660Z","end":"2025-10-11T22:08:50.961Z"}
[2025-10-11T22:08:53.570Z] {"site":"https://sureshotmobiledj.com","pages":7,"capsules":7,"errors":2,"start":"2025-10-11T22:08:46.057Z","end":"2025-10-11T22:08:53.570Z"}
[2025-10-11T22:08:53.892Z] {"site":"https://acmescottsdaleglass.org","pages":6,"capsules":6,"errors":0,"start":"2025-10-11T22:08:47.659Z","end":"2025-10-11T22:08:53.892Z"}
[2025-10-11T22:08:56.768Z] {"site":"https://cardnetatm.org","pages":0,"capsules":0,"errors":1,"start":"2025-10-11T22:08:26.720Z","end":"2025-10-11T22:08:56.768Z"}
[2025-10-11T22:09:01.990Z] {"site":"https://sureshotweddingdj.com","pages":0,"capsules":0,"errors":1,"start":"2025-10-11T22:08:31.940Z","end":"2025-10-11T22:09:01.990Z"}
[2025-10-11T22:09:03.895Z] {"site":"https://aaamobilestorageut.com","pages":10,"capsules":10,"errors":0,"start":"2025-10-11T22:08:51.086Z","end":"2025-10-11T22:09:03.895Z"}
[2025-10-11T22:09:04.363Z] {"site":"https://dorseytaxplace.com","pages":8,"capsules":8,"errors":2,"start":"2025-10-11T22:08:53.994Z","end":"2025-10-11T22:09:04.363Z"}
[2025-10-11T22:09:09.471Z] {"site":"https://avantilandscaping.us","pages":0,"capsules":0,"errors":1,"start":"2025-10-11T22:08:39.421Z","end":"2025-10-11T22:09:09.471Z"}
[2025-10-11T22:09:11.056Z] {"site":"https://nspavingandlandscaping.net","pages":0,"capsules":0,"errors":1,"start":"2025-10-11T22:09:09.588Z","end":"2025-10-11T22:09:11.056Z"}
[2025-10-11T22:09:14.029Z] {"site":"https://casamexicoeagle.com","pages":10,"capsules":10,"errors":0,"start":"2025-10-11T22:09:02.114Z","end":"2025-10-11T22:09:14.029Z"}
[2025-10-11T22:09:21.928Z] {"site":"https://nspavingandlandscapingllc.net","pages":10,"capsules":10,"errors":0,"start":"2025-10-11T22:09:11.164Z","end":"2025-10-11T22:09:21.928Z"}
[2025-10-11T22:09:22.400Z] {"site":"https://bighornauctions.com","pages":8,"capsules":8,"errors":0,"start":"2025-10-11T22:09:14.150Z","end":"2025-10-11T22:09:22.400Z"}
[2025-10-11T22:09:23.733Z] {"site":"https://amosinventoryservice.org","pages":0,"capsules":0,"errors":1,"start":"2025-10-11T22:08:53.676Z","end":"2025-10-11T22:09:23.733Z"}
[2025-10-11T22:09:26.936Z] {"site":"https://casamexicomiddleton.com","pages":0,"capsules":0,"errors":1,"start":"2025-10-11T22:08:56.885Z","end":"2025-10-11T22:09:26.936Z"}
[2025-10-11T22:09:29.187Z] {"site":"https://join-forge.com","pages":4,"capsules":4,"errors":0,"start":"2025-10-11T22:09:23.861Z","end":"2025-10-11T22:09:29.187Z"}
[2025-10-11T22:09:34.058Z] {"site":"https://proactdata.org","pages":0,"capsules":0,"errors":1,"start":"2025-10-11T22:09:04.007Z","end":"2025-10-11T22:09:34.058Z"}
[2025-10-11T22:09:34.529Z] {"site":"https://proactdata.net","pages":0,"capsules":0,"errors":1,"start":"2025-10-11T22:09:04.478Z","end":"2025-10-11T22:09:34.529Z"}
[2025-10-11T22:09:36.755Z] {"site":"https://avondaleautoglass.com","pages":10,"capsules":10,"errors":0,"start":"2025-10-11T22:09:22.042Z","end":"2025-10-11T22:09:36.755Z"}
[2025-10-11T22:09:43.166Z] {"site":"https://tlcpoolservice.biz","pages":5,"capsules":5,"errors":0,"start":"2025-10-11T22:09:36.871Z","end":"2025-10-11T22:09:43.166Z"}
[2025-10-11T22:09:44.570Z] {"site":"https://delsas.com","pages":9,"capsules":9,"errors":1,"start":"2025-10-11T22:09:34.638Z","end":"2025-10-11T22:09:44.570Z"}
[2025-10-11T22:09:52.030Z] {"site":"https://hmhcranes.net","pages":7,"capsules":7,"errors":0,"start":"2025-10-11T22:09:44.686Z","end":"2025-10-11T22:09:52.030Z"}
[2025-10-11T22:09:52.563Z] {"site":"https://parkerlogisticslp.com","pages":0,"capsules":0,"errors":1,"start":"2025-10-11T22:09:22.513Z","end":"2025-10-11T22:09:52.563Z"}
[2025-10-11T22:09:57.078Z] {"site":"https://atwindowtint.com","pages":0,"capsules":0,"errors":1,"start":"2025-10-11T22:09:27.027Z","end":"2025-10-11T22:09:57.078Z"}
[2025-10-11T22:09:59.118Z] {"site":"https://lakelandimportauto.com","pages":6,"capsules":6,"errors":0,"start":"2025-10-11T22:09:52.680Z","end":"2025-10-11T22:09:59.118Z"}
[2025-10-11T22:09:59.345Z] {"site":"https://atautoglassandwindowtint.com","pages":0,"capsules":0,"errors":1,"start":"2025-10-11T22:09:29.290Z","end":"2025-10-11T22:09:59.345Z"}
[2025-10-11T22:10:01.110Z] {"site":"https://ttreporting.com","pages":8,"capsules":8,"errors":0,"start":"2025-10-11T22:09:52.141Z","end":"2025-10-11T22:10:01.110Z"}
[2025-10-11T22:10:02.487Z] {"site":"https://tommyfraziertreeservice.net","pages":5,"capsules":5,"errors":0,"start":"2025-10-11T22:09:57.197Z","end":"2025-10-11T22:10:02.487Z"}
[2025-10-11T22:10:04.224Z] {"site":"https://perfectderma.biz","pages":0,"capsules":0,"errors":1,"start":"2025-10-11T22:09:34.170Z","end":"2025-10-11T22:10:04.224Z"}
[2025-10-11T22:10:05.459Z] {"site":"https://cardnetatm.com","pages":5,"capsules":5,"errors":0,"start":"2025-10-11T22:09:59.455Z","end":"2025-10-11T22:10:05.459Z"}
[2025-10-11T22:10:06.576Z] {"site":"https://wrenchbrothersnj.com","pages":5,"capsules":5,"errors":0,"start":"2025-10-11T22:10:01.218Z","end":"2025-10-11T22:10:06.576Z"}
[2025-10-11T22:10:13.338Z] {"site":"https://earhartautomotive.org","pages":0,"capsules":0,"errors":1,"start":"2025-10-11T22:09:43.289Z","end":"2025-10-11T22:10:13.338Z"}
[2025-10-11T22:10:18.565Z] {"site":"https://hughesautoglass.com","pages":5,"capsules":5,"errors":0,"start":"2025-10-11T22:10:13.455Z","end":"2025-10-11T22:10:18.565Z"}
[2025-10-11T22:10:21.980Z] {"site":"https://tracergolfusa.com","pages":10,"capsules":16,"errors":0,"start":"2025-10-11T22:10:06.695Z","end":"2025-10-11T22:10:21.980Z"}
[2025-10-11T22:10:25.025Z] {"site":"https://bestfriendspetdoctor.com","pages":6,"capsules":6,"errors":0,"start":"2025-10-11T22:10:18.678Z","end":"2025-10-11T22:10:25.025Z"}
[2025-10-11T22:10:25.293Z] {"site":"https://valleycarpetcare.net","pages":0,"capsules":0,"errors":1,"start":"2025-10-11T22:10:25.133Z","end":"2025-10-11T22:10:25.293Z"}
[2025-10-11T22:10:28.206Z] {"site":"https://jlelectric.org","pages":6,"capsules":6,"errors":0,"start":"2025-10-11T22:10:22.086Z","end":"2025-10-11T22:10:28.206Z"}
[2025-10-11T22:10:29.268Z] {"site":"https://drshinesmobile.biz","pages":0,"capsules":0,"errors":1,"start":"2025-10-11T22:09:59.215Z","end":"2025-10-11T22:10:29.268Z"}
[2025-10-11T22:10:32.651Z] {"site":"https://boydsautomotive.net","pages":0,"capsules":0,"errors":1,"start":"2025-10-11T22:10:02.601Z","end":"2025-10-11T22:10:32.651Z"}
[2025-10-11T22:10:34.386Z] {"site":"https://wrenchbrothersnj.net","pages":0,"capsules":0,"errors":1,"start":"2025-10-11T22:10:04.337Z","end":"2025-10-11T22:10:34.386Z"}
[2025-10-11T22:10:35.531Z] {"site":"https://caricatureconceptsmd.com","pages":6,"capsules":6,"errors":0,"start":"2025-10-11T22:10:29.389Z","end":"2025-10-11T22:10:35.531Z"}
[2025-10-11T22:10:35.623Z] {"site":"https://holisticeducationrehabilitationcenter.com","pages":0,"capsules":0,"errors":1,"start":"2025-10-11T22:10:05.572Z","end":"2025-10-11T22:10:35.623Z"}
[2025-10-11T22:10:36.969Z] {"site":"https://bradleysjewelers.net","pages":0,"capsules":0,"errors":1,"start":"2025-10-11T22:10:35.765Z","end":"2025-10-11T22:10:36.969Z"}
[2025-10-11T22:10:37.367Z] {"site":"https://rapidrootercolorado.com","pages":9,"capsules":9,"errors":0,"start":"2025-10-11T22:10:28.324Z","end":"2025-10-11T22:10:37.367Z"}
[2025-10-11T22:10:40.095Z] {"site":"https://drbenettamiller.net","pages":7,"capsules":7,"errors":0,"start":"2025-10-11T22:10:32.761Z","end":"2025-10-11T22:10:40.095Z"}
[2025-10-11T22:10:45.298Z] {"site":"https://parkerlogisticsandsurewaytrans.com","pages":5,"capsules":5,"errors":0,"start":"2025-10-11T22:10:40.206Z","end":"2025-10-11T22:10:45.298Z"}
[2025-10-11T22:10:46.731Z] {"site":"https://imagineprograms.net","pages":10,"capsules":10,"errors":0,"start":"2025-10-11T22:10:34.499Z","end":"2025-10-11T22:10:46.731Z"}
[2025-10-11T22:10:55.461Z] {"site":"https://executivebarbers.net","pages":0,"capsules":0,"errors":1,"start":"2025-10-11T22:10:25.406Z","end":"2025-10-11T22:10:55.460Z"}
[2025-10-11T22:11:05.706Z] {"site":"https://idswebsites.com","pages":0,"capsules":0,"errors":1,"start":"2025-10-11T22:10:35.650Z","end":"2025-10-11T22:11:05.706Z"}
[2025-10-11T22:11:07.133Z] {"site":"https://mexicanrestaurant-ok.com","pages":0,"capsules":0,"errors":1,"start":"2025-10-11T22:10:37.079Z","end":"2025-10-11T22:11:07.133Z"}
[2025-10-11T22:11:07.548Z] {"site":"https://allkindsofblindsllc.com","pages":0,"capsules":0,"errors":1,"start":"2025-10-11T22:10:37.473Z","end":"2025-10-11T22:11:07.548Z"}
[2025-10-11T22:11:15.477Z] {"site":"https://cedarcitystorage.com","pages":0,"capsules":0,"errors":1,"start":"2025-10-11T22:10:45.424Z","end":"2025-10-11T22:11:15.477Z"}
[2025-10-11T22:11:16.904Z] {"site":"https://txriverpools.com","pages":0,"capsules":0,"errors":1,"start":"2025-10-11T22:10:46.852Z","end":"2025-10-11T22:11:16.904Z"}
[2025-10-11T22:11:23.037Z] {"site":"https://texasairpros.biz","pages":6,"capsules":6,"errors":0,"start":"2025-10-11T22:11:17.036Z","end":"2025-10-11T22:11:23.037Z"}
[2025-10-11T22:11:23.488Z] {"site":"https://lincolnremembered.org","pages":8,"capsules":8,"errors":0,"start":"2025-10-11T22:11:15.610Z","end":"2025-10-11T22:11:23.488Z"}
[2025-10-11T22:11:25.628Z] {"site":"https://surveyarizonaland.com","pages":0,"capsules":0,"errors":1,"start":"2025-10-11T22:10:55.576Z","end":"2025-10-11T22:11:25.628Z"}
[2025-10-11T22:11:31.230Z] {"site":"https://birchwoodrestaurant.biz","pages":7,"capsules":7,"errors":3,"start":"2025-10-11T22:11:23.147Z","end":"2025-10-11T22:11:31.230Z"}
[2025-10-11T22:11:31.652Z] {"site":"https://fordcollisioncenter.net","pages":0,"capsules":0,"errors":1,"start":"2025-10-11T22:11:31.339Z","end":"2025-10-11T22:11:31.652Z"}
[2025-10-11T22:11:32.990Z] {"site":"https://carstereosystemsva.com","pages":7,"capsules":7,"errors":0,"start":"2025-10-11T22:11:25.733Z","end":"2025-10-11T22:11:32.989Z"}
[2025-10-11T22:11:35.876Z] {"site":"https://plasticsystemsinc.info","pages":0,"capsules":0,"errors":1,"start":"2025-10-11T22:11:05.822Z","end":"2025-10-11T22:11:35.876Z"}
[2025-10-11T22:11:37.290Z] {"site":"https://surewaytx.net","pages":0,"capsules":0,"errors":1,"start":"2025-10-11T22:11:07.242Z","end":"2025-10-11T22:11:37.290Z"}
[2025-10-11T22:11:37.718Z] {"site":"https://allkindsofblindsllc.info","pages":0,"capsules":0,"errors":1,"start":"2025-10-11T22:11:07.666Z","end":"2025-10-11T22:11:37.718Z"}
[2025-10-11T22:11:38.868Z] {"site":"https://creditviewincorporated.com","pages":0,"capsules":0,"errors":1,"start":"2025-10-11T22:11:37.400Z","end":"2025-10-11T22:11:38.868Z"}
[2025-10-11T22:11:39.138Z] {"site":"https://avantilandscaping.net","pages":6,"capsules":6,"errors":0,"start":"2025-10-11T22:11:33.103Z","end":"2025-10-11T22:11:39.138Z"}
[2025-10-11T22:11:43.182Z] {"site":"https://clearperfectiontexas.com","pages":7,"capsules":7,"errors":0,"start":"2025-10-11T22:11:36.010Z","end":"2025-10-11T22:11:43.182Z"}
[2025-10-11T22:11:48.067Z] {"site":"https://thebridalchateaupa.com","pages":10,"capsules":10,"errors":0,"start":"2025-10-11T22:11:37.821Z","end":"2025-10-11T22:11:48.067Z"}
[2025-10-11T22:11:51.513Z] {"site":"https://houseofmiraclestb.com","pages":8,"capsules":8,"errors":0,"start":"2025-10-11T22:11:43.287Z","end":"2025-10-11T22:11:51.513Z"}
[2025-10-11T22:11:53.644Z] {"site":"https://earhartautomotive.info","pages":0,"capsules":0,"errors":1,"start":"2025-10-11T22:11:23.594Z","end":"2025-10-11T22:11:53.644Z"}
[2025-10-11T22:11:57.541Z] {"site":"https://advantageulearning.com","pages":6,"capsules":6,"errors":0,"start":"2025-10-11T22:11:51.619Z","end":"2025-10-11T22:11:57.541Z"}
[2025-10-11T22:11:58.340Z] {"site":"https://clearingandgrinding.com","pages":10,"capsules":10,"errors":0,"start":"2025-10-11T22:11:48.171Z","end":"2025-10-11T22:11:58.340Z"}
[2025-10-11T22:11:59.994Z] {"site":"https://bellsseptictankservice.net","pages":6,"capsules":6,"errors":0,"start":"2025-10-11T22:11:53.754Z","end":"2025-10-11T22:11:59.994Z"}
[2025-10-11T22:12:01.814Z] {"site":"https://ctasurveying.net","pages":0,"capsules":0,"errors":1,"start":"2025-10-11T22:11:31.764Z","end":"2025-10-11T22:12:01.814Z"}
[2025-10-11T22:12:02.754Z] {"site":"https://boydsautomotive.com","pages":5,"capsules":5,"errors":0,"start":"2025-10-11T22:11:57.649Z","end":"2025-10-11T22:12:02.754Z"}
[2025-10-11T22:12:07.907Z] {"site":"https://reconpaintsupplies.com","pages":6,"capsules":6,"errors":0,"start":"2025-10-11T22:12:01.923Z","end":"2025-10-11T22:12:07.907Z"}
[2025-10-11T22:12:07.962Z] {"site":"https://northbaycleaning.com","pages":5,"capsules":5,"errors":0,"start":"2025-10-11T22:12:02.860Z","end":"2025-10-11T22:12:07.962Z"}
[2025-10-11T22:12:09.019Z] {"site":"https://thebridalchateaupa.info","pages":0,"capsules":0,"errors":1,"start":"2025-10-11T22:11:38.972Z","end":"2025-10-11T22:12:09.019Z"}
[2025-10-11T22:12:09.294Z] {"site":"https://cardnetatm.net","pages":0,"capsules":0,"errors":1,"start":"2025-10-11T22:11:39.244Z","end":"2025-10-11T22:12:09.294Z"}
[2025-10-11T22:12:14.602Z] {"site":"https://jjpruzzohomeopathy.com","pages":6,"capsules":6,"errors":2,"start":"2025-10-11T22:12:08.020Z","end":"2025-10-11T22:12:14.602Z"}
[2025-10-11T22:12:15.146Z] {"site":"https://absoluteairinc.net","pages":7,"capsules":7,"errors":0,"start":"2025-10-11T22:12:08.074Z","end":"2025-10-11T22:12:15.146Z"}
[2025-10-11T22:12:19.559Z] {"site":"https://d-mhomeimprovements.net","pages":10,"capsules":10,"errors":0,"start":"2025-10-11T22:12:09.406Z","end":"2025-10-11T22:12:19.559Z"}
[2025-10-11T22:12:26.778Z] {"site":"https://paceswindshieldrepair.org","pages":7,"capsules":7,"errors":0,"start":"2025-10-11T22:12:19.669Z","end":"2025-10-11T22:12:26.778Z"}
[2025-10-11T22:12:28.490Z] {"site":"https://portabletrafficsignalsus.com","pages":0,"capsules":0,"errors":1,"start":"2025-10-11T22:11:58.430Z","end":"2025-10-11T22:12:28.490Z"}
[2025-10-11T22:12:30.163Z] {"site":"https://americanstripinginc.org","pages":0,"capsules":0,"errors":1,"start":"2025-10-11T22:12:00.108Z","end":"2025-10-11T22:12:30.163Z"}
[2025-10-11T22:12:37.608Z] {"site":"https://halifaxapplianceservice.com","pages":7,"capsules":7,"errors":0,"start":"2025-10-11T22:12:30.270Z","end":"2025-10-11T22:12:37.608Z"}
[2025-10-11T22:12:39.161Z] {"site":"https://northbayjanitorial.net","pages":0,"capsules":0,"errors":1,"start":"2025-10-11T22:12:09.110Z","end":"2025-10-11T22:12:39.161Z"}
[2025-10-11T22:12:39.447Z] {"site":"https://squilion.com","pages":0,"capsules":0,"errors":1,"start":"2025-10-11T22:12:39.281Z","end":"2025-10-11T22:12:39.447Z"}
[2025-10-11T22:12:40.229Z] {"site":"https://valleycarpetcareboise.com","pages":10,"capsules":10,"errors":0,"start":"2025-10-11T22:12:28.619Z","end":"2025-10-11T22:12:40.229Z"}
[2025-10-11T22:12:40.755Z] {"site":"https://nspavingandlandscapingllc.com","pages":0,"capsules":0,"errors":1,"start":"2025-10-11T22:12:39.549Z","end":"2025-10-11T22:12:40.755Z"}
[2025-10-11T22:12:44.758Z] {"site":"https://carsterosystemsva.com","pages":0,"capsules":0,"errors":1,"start":"2025-10-11T22:12:14.709Z","end":"2025-10-11T22:12:44.758Z"}
[2025-10-11T22:12:45.315Z] {"site":"https://acmeglass.info","pages":0,"capsules":0,"errors":1,"start":"2025-10-11T22:12:15.264Z","end":"2025-10-11T22:12:45.315Z"}
[2025-10-11T22:12:48.547Z] {"site":"https://alpineridgelandscape.com","pages":7,"capsules":7,"errors":0,"start":"2025-10-11T22:12:40.876Z","end":"2025-10-11T22:12:48.547Z"}
[2025-10-11T22:12:50.805Z] {"site":"https://jvcwma.com","pages":10,"capsules":10,"errors":0,"start":"2025-10-11T22:12:40.340Z","end":"2025-10-11T22:12:50.805Z"}
[2025-10-11T22:12:55.683Z] {"site":"https://monacado.com","pages":10,"capsules":10,"errors":0,"start":"2025-10-11T22:12:44.865Z","end":"2025-10-11T22:12:55.683Z"}
[2025-10-11T22:12:56.941Z] {"site":"https://instabuildsites.net","pages":0,"capsules":0,"errors":1,"start":"2025-10-11T22:12:26.893Z","end":"2025-10-11T22:12:56.941Z"}
[2025-10-11T22:12:56.994Z] {"site":"https://dominationfitnesskuna.com","pages":10,"capsules":10,"errors":0,"start":"2025-10-11T22:12:45.422Z","end":"2025-10-11T22:12:56.994Z"}
[2025-10-11T22:13:02.204Z] {"site":"https://dominationboise.com","pages":10,"capsules":10,"errors":0,"start":"2025-10-11T22:12:50.920Z","end":"2025-10-11T22:13:02.204Z"}
[2025-10-11T22:13:07.420Z] {"site":"https://burntbiscuitcookout.net","pages":10,"capsules":10,"errors":0,"start":"2025-10-11T22:12:57.047Z","end":"2025-10-11T22:13:07.420Z"}
[2025-10-11T22:13:07.770Z] {"site":"https://amosinventoryservice.net","pages":0,"capsules":0,"errors":1,"start":"2025-10-11T22:12:37.720Z","end":"2025-10-11T22:13:07.770Z"}
[2025-10-11T22:13:13.151Z] {"site":"https://certifiedhydraulics.com","pages":5,"capsules":5,"errors":1,"start":"2025-10-11T22:13:07.539Z","end":"2025-10-11T22:13:13.151Z"}
[2025-10-11T22:13:18.716Z] {"site":"https://jhcourtreporters.com","pages":0,"capsules":0,"errors":1,"start":"2025-10-11T22:12:48.665Z","end":"2025-10-11T22:13:18.716Z"}
[2025-10-11T22:13:19.589Z] {"site":"https://islandgolfco.com","pages":0,"capsules":0,"errors":1,"start":"2025-10-11T22:13:18.845Z","end":"2025-10-11T22:13:19.589Z"}
[2025-10-11T22:13:25.853Z] {"site":"https://arizonabbqcatering.com","pages":0,"capsules":0,"errors":1,"start":"2025-10-11T22:12:55.795Z","end":"2025-10-11T22:13:25.853Z"}
[2025-10-11T22:13:26.969Z] {"site":"https://friendlydetail.net","pages":6,"capsules":6,"errors":1,"start":"2025-10-11T22:13:19.717Z","end":"2025-10-11T22:13:26.969Z"}
[2025-10-11T22:13:27.157Z] {"site":"https://tmacsairgunservice.net","pages":0,"capsules":0,"errors":1,"start":"2025-10-11T22:12:57.108Z","end":"2025-10-11T22:13:27.157Z"}
[2025-10-11T22:13:32.365Z] {"site":"https://healthfitnessinc.com","pages":0,"capsules":0,"errors":1,"start":"2025-10-11T22:13:02.312Z","end":"2025-10-11T22:13:32.365Z"}
[2025-10-11T22:13:32.403Z] {"site":"https://adnsecurityproducts.com","pages":6,"capsules":6,"errors":0,"start":"2025-10-11T22:13:25.978Z","end":"2025-10-11T22:13:32.403Z"}
[2025-10-11T22:13:37.593Z] {"site":"https://guarantclean.com","pages":5,"capsules":5,"errors":0,"start":"2025-10-11T22:13:32.503Z","end":"2025-10-11T22:13:37.593Z"}
[2025-10-11T22:13:37.946Z] {"site":"https://24healthfitness.net","pages":0,"capsules":0,"errors":1,"start":"2025-10-11T22:13:07.894Z","end":"2025-10-11T22:13:37.946Z"}
[2025-10-11T22:13:42.514Z] {"site":"https://tmacsairgunservice.com","pages":9,"capsules":9,"errors":1,"start":"2025-10-11T22:13:32.512Z","end":"2025-10-11T22:13:42.514Z"}
[2025-10-11T22:13:43.279Z] {"site":"https://surfcabco.net","pages":5,"capsules":5,"errors":0,"start":"2025-10-11T22:13:37.703Z","end":"2025-10-11T22:13:43.279Z"}
[2025-10-11T22:13:43.306Z] {"site":"https://surewaywtx.net","pages":0,"capsules":0,"errors":1,"start":"2025-10-11T22:13:13.257Z","end":"2025-10-11T22:13:43.306Z"}
[2025-10-11T22:13:46.127Z] {"site":"https://trailsendcampgroundrv.com","pages":7,"capsules":7,"errors":0,"start":"2025-10-11T22:13:38.047Z","end":"2025-10-11T22:13:46.127Z"}
[2025-10-11T22:13:48.589Z] {"site":"https://executivebarber.net","pages":6,"capsules":6,"errors":0,"start":"2025-10-11T22:13:42.625Z","end":"2025-10-11T22:13:48.589Z"}
[2025-10-11T22:13:53.624Z] {"site":"https://24healthfitness.com","pages":10,"capsules":10,"errors":0,"start":"2025-10-11T22:13:43.401Z","end":"2025-10-11T22:13:53.624Z"}
[2025-10-11T22:13:55.311Z] {"site":"https://mentalhealthcounselingla.com","pages":6,"capsules":6,"errors":0,"start":"2025-10-11T22:13:48.701Z","end":"2025-10-11T22:13:55.311Z"}
[2025-10-11T22:13:57.135Z] {"site":"https://ctasurveying.org","pages":0,"capsules":0,"errors":1,"start":"2025-10-11T22:13:27.086Z","end":"2025-10-11T22:13:57.135Z"}
[2025-10-11T22:13:57.297Z] {"site":"https://thebishopshouse.org","pages":0,"capsules":0,"errors":1,"start":"2025-10-11T22:13:27.250Z","end":"2025-10-11T22:13:57.297Z"}
[2025-10-11T22:13:57.874Z] {"site":"https://kingsfordfastener.com","pages":10,"capsules":10,"errors":0,"start":"2025-10-11T22:13:43.387Z","end":"2025-10-11T22:13:57.874Z"}
[2025-10-11T22:14:01.643Z] {"site":"https://jmjcatholicbooksandarticles.com","pages":6,"capsules":6,"errors":0,"start":"2025-10-11T22:13:55.420Z","end":"2025-10-11T22:14:01.643Z"}
[2025-10-11T22:14:03.357Z] {"site":"https://americanstripinginc.net","pages":5,"capsules":5,"errors":0,"start":"2025-10-11T22:13:57.988Z","end":"2025-10-11T22:14:03.357Z"}
[2025-10-11T22:14:06.775Z] {"site":"https://hopestrengthandcure.com","pages":5,"capsules":5,"errors":0,"start":"2025-10-11T22:14:01.752Z","end":"2025-10-11T22:14:06.775Z"}
[2025-10-11T22:14:11.223Z] {"site":"https://instabuildsites.com","pages":10,"capsules":10,"errors":0,"start":"2025-10-11T22:13:57.236Z","end":"2025-10-11T22:14:11.223Z"}
[2025-10-11T22:14:16.289Z] {"site":"https://usslidefastener.org","pages":0,"capsules":0,"errors":1,"start":"2025-10-11T22:13:46.240Z","end":"2025-10-11T22:14:16.289Z"}
[2025-10-11T22:14:17.189Z] {"site":"https://boisefwid.com","pages":8,"capsules":8,"errors":2,"start":"2025-10-11T22:14:06.884Z","end":"2025-10-11T22:14:17.189Z"}
[2025-10-11T22:14:17.749Z] {"site":"https://newenglandviavermont.net","pages":6,"capsules":6,"errors":0,"start":"2025-10-11T22:14:11.340Z","end":"2025-10-11T22:14:17.749Z"}
[2025-10-11T22:14:23.785Z] {"site":"https://sureshotmobiledjca.com","pages":0,"capsules":0,"errors":1,"start":"2025-10-11T22:13:53.729Z","end":"2025-10-11T22:14:23.785Z"}
[2025-10-11T22:14:27.440Z] {"site":"https://cncmachiningct.com","pages":0,"capsules":0,"errors":1,"start":"2025-10-11T22:13:57.387Z","end":"2025-10-11T22:14:27.439Z"}
[2025-10-11T22:14:33.516Z] {"site":"https://paceswindshieldrepair.biz","pages":0,"capsules":0,"errors":1,"start":"2025-10-11T22:14:03.463Z","end":"2025-10-11T22:14:33.516Z"}
